<?xml version="1.0" encoding="UTF-8"?>
<!-- Generated by org.testng.reporters.JUnitReportReporter -->
<testsuite hostname="DESKTOP-8DVMVCJ" failures="0" tests="1" name="TestNG.Automate2" time="15.981" errors="0" timestamp="2021-10-15T18:05:02 IST" skipped="0">
  <testcase classname="TestNG.Automate2" name="Testn" time="15.981"/>
  <system-out/>
</testsuite> <!-- TestNG.Automate2 -->
