<?xml version="1.0" encoding="UTF-8"?>
<!-- Generated by org.testng.reporters.JUnitReportReporter -->
<testsuite hostname="DESKTOP-8DVMVCJ" failures="0" tests="3" name="TestNG.Automate1" time="53.208" errors="0" timestamp="2021-10-15T18:45:44 IST" skipped="0">
  <testcase classname="TestNG.Automate1" name="ValidateLogin" time="14.897"/>
  <system-out/>
  <testcase classname="TestNG.Automate1" name="ValidateLogin" time="19.670"/>
  <system-out/>
  <testcase classname="TestNG.Automate1" name="ValidateLogin" time="18.641"/>
  <system-out/>
</testsuite> <!-- TestNG.Automate1 -->
